<?xml version="1.0" encoding="UTF-8"?>
<!-- Generated by org.testng.reporters.JUnitReportReporter -->
<testsuite skipped="0" hostname="DESKTOP-5ERDTLS" name="org.in.Ecom" tests="1" failures="0" timestamp="16 Sep 2022 08:53:44 GMT" time="4.517" errors="0">
  <testcase name="login" time="4.517" classname="org.in.Ecom"/>
</testsuite> <!-- org.in.Ecom -->
