<?xml version="1.0" encoding="UTF-8"?>
<!-- Generated by org.testng.reporters.JUnitReportReporter -->
<testsuite skipped="0" hostname="DESKTOP-5ERDTLS" name="org.in.Amazon" tests="3" failures="0" timestamp="21 Sep 2022 10:14:40 GMT" time="49.394" errors="0">
  <testcase name="addloaction" time="16.737" classname="org.in.Amazon"/>
  <testcase name="addcart" time="11.638" classname="org.in.Amazon"/>
  <testcase name="Buy" time="21.019" classname="org.in.Amazon"/>
</testsuite> <!-- org.in.Amazon -->
