<?xml version="1.0" encoding="UTF-8"?>
<!-- Generated by org.testng.reporters.JUnitReportReporter -->
<testsuite skipped="0" hostname="DESKTOP-5ERDTLS" name="org.samp.Samp2" tests="3" failures="0" timestamp="17 Sep 2022 06:48:21 GMT" time="0.036" errors="0">
  <testcase name="tc6" time="0.000" classname="org.samp.Samp2"/>
  <testcase name="tc7" time="0.016" classname="org.samp.Samp2"/>
  <testcase name="tc5" time="0.020" classname="org.samp.Samp2"/>
</testsuite> <!-- org.samp.Samp2 -->
