<?xml version="1.0" encoding="UTF-8"?>
<!-- Generated by org.testng.reporters.JUnitReportReporter -->
<testsuite skipped="0" hostname="DESKTOP-5ERDTLS" name="org.samp.Sample" tests="1" failures="0" timestamp="18 Sep 2022 07:20:28 GMT" time="0.014" errors="0">
  <testcase name="tc1" time="0.014" classname="org.samp.Sample"/>
</testsuite> <!-- org.samp.Sample -->
